\BOOKMARK [1][-]{section.1}{Introduction and background}{}
\BOOKMARK [1][-]{section.2}{Review of overall MLSCFM structure}{}
\BOOKMARK [2][-]{subsection.2.1}{MLS radiance measurements and related parameters}{section.2}
\BOOKMARK [2][-]{subsection.2.2}{Constructing the MLS state vector}{section.2}
\BOOKMARK [2][-]{subsection.2.3}{Quantities and Vectors in MLSCFM}{section.2}
\BOOKMARK [2][-]{subsection.2.4}{Matrices in MLSCFM}{section.2}
\BOOKMARK [2][-]{subsection.2.5}{Defining coordinate systems}{section.2}
\BOOKMARK [2][-]{subsection.2.6}{Sources of information for MLS state vector components}{section.2}
\BOOKMARK [2][-]{subsection.2.7}{Defining forward models}{section.2}
\BOOKMARK [2][-]{subsection.2.8}{Invoking forward models}{section.2}
\BOOKMARK [2][-]{subsection.2.9}{A note on the `mockup'}{section.2}
\BOOKMARK [1][-]{section.3}{Reference}{}
\BOOKMARK [2][-]{subsection.3.1}{Data types}{section.3}
\BOOKMARK [2][-]{subsection.3.2}{Procedures and Functions}{section.3}
\BOOKMARK [1][-]{section.A}{Examples}{}
\BOOKMARK [2][-]{subsection.A.1}{Starting the server}{section.A}
\BOOKMARK [2][-]{subsection.A.2}{Invoking a forward model}{section.A}
\BOOKMARK [1][-]{section.B}{Lists and tables}{}
\BOOKMARK [2][-]{subsection.B.1}{Types}{section.B}
\BOOKMARK [2][-]{subsection.B.2}{Units}{section.B}
\BOOKMARK [2][-]{subsection.B.3}{Molecules}{section.B}
\BOOKMARK [2][-]{subsection.B.4}{Bands}{section.B}
